<?xml version="1.0" encoding="UTF-8"?>
<!-- Generated by org.testng.reporters.JUnitReportReporter -->
<testsuite hostname="DESKTOP-O2SKRD3" name="Test.prueba_winiumTest" tests="1" failures="0" timestamp="3 Sep 2019 20:27:32 GMT" time="25.446" errors="0">
  <testcase name="test" time="25.446" classname="Test.prueba_winiumTest"/>
</testsuite> <!-- Test.prueba_winiumTest -->
